<?xml version="1.0" encoding="UTF-8"?>
<!-- Generated by org.testng.reporters.JUnitXMLReporter -->
<testsuite ignored="7" hostname="DESKTOP-1J8V2O0" failures="0" tests="3" name="Smoke_Test" time="2.623" errors="0" timestamp="2024-01-19T13:28:10 IST">
  <testcase classname="Base.BaseTest" name="@BeforeMethod StartDriver" time="-1.705651090453E9">
    <failure type="org.testng.TestNGException" message="
Can inject only one of &amp;lt;ITestContext, XmlTest, Method, Object[], ITestResult&amp;gt; into a @BeforeMethod annotated StartDriver.
For more information on native dependency injection please refer to https://testng.org/doc/documentation-main.html#native-dependency-injection">
      <![CDATA[org.testng.TestNGException: 
Can inject only one of <ITestContext, XmlTest, Method, Object[], ITestResult> into a @BeforeMethod annotated StartDriver.
For more information on native dependency injection please refer to https://testng.org/doc/documentation-main.html#native-dependency-injection
at java.base/java.util.ArrayList.forEach(ArrayList.java:1511)
... Removed 28 stack frames]]>
    </failure>
  </testcase> <!-- @BeforeMethod StartDriver -->
  <testcase classname="Base.BaseTest" name="@AfterMethod CloseDriver" time="0.0">
    <skipped/>
  </testcase> <!-- @AfterMethod CloseDriver -->
  <testcase classname="Base.BaseTest" name="@BeforeMethod StartDriver" time="-1.705651090807E9">
    <failure type="org.testng.TestNGException" message="
Can inject only one of &amp;lt;ITestContext, XmlTest, Method, Object[], ITestResult&amp;gt; into a @BeforeMethod annotated StartDriver.
For more information on native dependency injection please refer to https://testng.org/doc/documentation-main.html#native-dependency-injection">
      <![CDATA[org.testng.TestNGException: 
Can inject only one of <ITestContext, XmlTest, Method, Object[], ITestResult> into a @BeforeMethod annotated StartDriver.
For more information on native dependency injection please refer to https://testng.org/doc/documentation-main.html#native-dependency-injection
at java.base/java.util.ArrayList.forEach(ArrayList.java:1511)
... Removed 28 stack frames]]>
    </failure>
  </testcase> <!-- @BeforeMethod StartDriver -->
  <testcase classname="Base.BaseTest" name="@AfterMethod CloseDriver" time="0.0">
    <skipped/>
  </testcase> <!-- @AfterMethod CloseDriver -->
  <testcase classname="Base.BaseTest" name="@BeforeMethod StartDriver" time="0.0">
    <skipped/>
  </testcase> <!-- @BeforeMethod StartDriver -->
  <testcase classname="Base.BaseTest" name="@AfterMethod CloseDriver" time="0.0">
    <skipped/>
  </testcase> <!-- @AfterMethod CloseDriver -->
  <testcase classname="Tests.SearchResultPageTest" name="SearchedProductAvailabilityTest" time="0.0">
    <skipped/>
  </testcase> <!-- SearchedProductAvailabilityTest -->
  <testcase classname="Tests.HomePageTest" name="HomePageTitleTest" time="0.0">
    <skipped/>
  </testcase> <!-- HomePageTitleTest -->
  <testcase classname="Tests.HomePageTest" name="LogoImageTest" time="0.0">
    <skipped/>
  </testcase> <!-- LogoImageTest -->
  <testcase classname="Tests.ShoopingCartPageTest" name="GoToCheckOutPage" time="0.0">
    <ignored/>
  </testcase> <!-- GoToCheckOutPage -->
  <testcase classname="Tests.LoginPageTest" name="LoginFunctionalityTest" time="0.0">
    <ignored/>
  </testcase> <!-- LoginFunctionalityTest -->
  <testcase classname="Tests.RegistrationPageTest" name="RegistrationFunctionalityTest" time="0.0">
    <ignored/>
  </testcase> <!-- RegistrationFunctionalityTest -->
  <testcase classname="Tests.ShoopingCartPageTest" name="VerifyTheTotalPrice" time="0.0">
    <ignored/>
  </testcase> <!-- VerifyTheTotalPrice -->
  <testcase classname="Tests.WishlistPageTest" name="ProductAddToWishlistTest" time="0.0">
    <ignored/>
  </testcase> <!-- ProductAddToWishlistTest -->
  <testcase classname="Tests.ShoopingCartPageTest" name="ProductAddToShoopingCartTest" time="0.0">
    <ignored/>
  </testcase> <!-- ProductAddToShoopingCartTest -->
  <testcase classname="Tests.CheckOutPageTest" name="CheckOutFunctionalityTest" time="0.0">
    <ignored/>
  </testcase> <!-- CheckOutFunctionalityTest -->
</testsuite> <!-- Smoke_Test -->
