<?xml version="1.0" encoding="UTF-8"?>
<!-- Generated by org.testng.reporters.JUnitXMLReporter -->
<testsuite ignored="18" hostname="DESKTOP-1J8V2O0" failures="1" tests="4" name="Smoke_Test" time="76.872" errors="0" timestamp="2024-01-22T16:27:00 IST">
  <testcase classname="Tests.SearchResultPageTest" name="SearchedProductAvailabilityTest" time="6.559"/>
  <testcase classname="Tests.HomePageTest" name="HomePageTitleTest" time="0.071"/>
  <testcase classname="Tests.HomePageTest" name="LogoImageTest" time="1.947"/>
  <testcase classname="Tests.LoginPageTest" name="LoginFunctionalityTest" time="3.683">
    <failure type="org.openqa.selenium.NoSuchElementException" message="no such element: Unable to locate element: {&amp;quot;method&amp;quot;:&amp;quot;xpath&amp;quot;,&amp;quot;selector&amp;quot;:&amp;quot;//a[@class=&amp;quot;ico-account&amp;quot;]&amp;quot;}
  (Session info: chrome=120.0.6099.109)
For documentation on this error, please visit: https://www.selenium.dev/documentation/webdriver/troubleshooting/errors#no-such-element-exception
Build info: version: &amp;apos;4.11.0&amp;apos;, revision: &amp;apos;040bc5406b&amp;apos;
System info: os.name: &amp;apos;Windows 10&amp;apos;, os.arch: &amp;apos;amd64&amp;apos;, os.version: &amp;apos;10.0&amp;apos;, java.version: &amp;apos;17.0.3&amp;apos;
Driver info: org.openqa.selenium.chrome.ChromeDriver
Command: [0aae7c42163c4dc41cd561802b6b659a, findElement {using=xpath, value=//a[@class=&amp;quot;ico-account&amp;quot;]}]
Capabilities {acceptInsecureCerts: false, browserName: chrome, browserVersion: 120.0.6099.109, chrome: {chromedriverVersion: 120.0.6099.109 (3419140ab66..., userDataDir: C:\Users\admin\AppData\Loca...}, fedcm:accounts: true, goog:chromeOptions: {debuggerAddress: localhost:55721}, networkConnectionEnabled: false, pageLoadStrategy: normal, platformName: windows, proxy: Proxy(), se:cdp: ws://localhost:55721/devtoo..., se:cdpVersion: 120.0.6099.109, setWindowRect: true, strictFileInteractability: false, timeouts: {implicit: 0, pageLoad: 300000, script: 30000}, unhandledPromptBehavior: dismiss and notify, webauthn:extension:credBlob: true, webauthn:extension:largeBlob: true, webauthn:extension:minPinLength: true, webauthn:extension:prf: true, webauthn:virtualAuthenticators: true}
Session ID: 0aae7c42163c4dc41cd561802b6b659a">
      <![CDATA[org.openqa.selenium.NoSuchElementException: no such element: Unable to locate element: {"method":"xpath","selector":"//a[@class="ico-account"]"}
  (Session info: chrome=120.0.6099.109)
For documentation on this error, please visit: https://www.selenium.dev/documentation/webdriver/troubleshooting/errors#no-such-element-exception
Build info: version: '4.11.0', revision: '040bc5406b'
System info: os.name: 'Windows 10', os.arch: 'amd64', os.version: '10.0', java.version: '17.0.3'
Driver info: org.openqa.selenium.chrome.ChromeDriver
Command: [0aae7c42163c4dc41cd561802b6b659a, findElement {using=xpath, value=//a[@class="ico-account"]}]
Capabilities {acceptInsecureCerts: false, browserName: chrome, browserVersion: 120.0.6099.109, chrome: {chromedriverVersion: 120.0.6099.109 (3419140ab66..., userDataDir: C:\Users\admin\AppData\Loca...}, fedcm:accounts: true, goog:chromeOptions: {debuggerAddress: localhost:55721}, networkConnectionEnabled: false, pageLoadStrategy: normal, platformName: windows, proxy: Proxy(), se:cdp: ws://localhost:55721/devtoo..., se:cdpVersion: 120.0.6099.109, setWindowRect: true, strictFileInteractability: false, timeouts: {implicit: 0, pageLoad: 300000, script: 30000}, unhandledPromptBehavior: dismiss and notify, webauthn:extension:credBlob: true, webauthn:extension:largeBlob: true, webauthn:extension:minPinLength: true, webauthn:extension:prf: true, webauthn:virtualAuthenticators: true}
Session ID: 0aae7c42163c4dc41cd561802b6b659a
at org.openqa.selenium.remote.codec.w3c.W3CHttpResponseCodec.createException(W3CHttpResponseCodec.java:200)
at org.openqa.selenium.remote.codec.w3c.W3CHttpResponseCodec.decode(W3CHttpResponseCodec.java:133)
at org.openqa.selenium.remote.codec.w3c.W3CHttpResponseCodec.decode(W3CHttpResponseCodec.java:52)
at org.openqa.selenium.remote.HttpCommandExecutor.execute(HttpCommandExecutor.java:191)
at org.openqa.selenium.remote.service.DriverCommandExecutor.invokeExecute(DriverCommandExecutor.java:196)
at org.openqa.selenium.remote.service.DriverCommandExecutor.execute(DriverCommandExecutor.java:171)
at org.openqa.selenium.remote.RemoteWebDriver.execute(RemoteWebDriver.java:518)
at org.openqa.selenium.remote.ElementLocation$ElementFinder$2.findElement(ElementLocation.java:165)
at org.openqa.selenium.remote.ElementLocation.findElement(ElementLocation.java:59)
at org.openqa.selenium.remote.RemoteWebDriver.findElement(RemoteWebDriver.java:355)
at org.openqa.selenium.remote.RemoteWebDriver.findElement(RemoteWebDriver.java:349)
at BasePage.BasePage.getElement(BasePage.java:32)
at Pages.HomePage.HomePageText(HomePage.java:36)
at Tests.LoginPageTest.LoginFunctionalityTest(LoginPageTest.java:38)
at java.base/java.util.ArrayList.forEach(ArrayList.java:1511)
... Removed 32 stack frames]]>
    </failure>
  </testcase> <!-- LoginFunctionalityTest -->
  <testcase classname="Base.BaseTest" name="@BeforeSuite StartConfig" time="0.0">
    <ignored/>
  </testcase> <!-- @BeforeSuite StartConfig -->
  <testcase classname="Base.BaseTest" name="@BeforeSuite StartConfig" time="0.0">
    <ignored/>
  </testcase> <!-- @BeforeSuite StartConfig -->
  <testcase classname="Base.BaseTest" name="@AfterSuite CloseConfig" time="0.0">
    <ignored/>
  </testcase> <!-- @AfterSuite CloseConfig -->
  <testcase classname="Tests.RegistrationPageTest" name="RegistrationFunctionalityTest" time="0.0">
    <ignored/>
  </testcase> <!-- RegistrationFunctionalityTest -->
  <testcase classname="Base.BaseTest" name="@AfterSuite CloseConfig" time="0.0">
    <ignored/>
  </testcase> <!-- @AfterSuite CloseConfig -->
  <testcase classname="Tests.ShoopingCartPageTest" name="VerifyTheTotalPrice" time="0.0">
    <ignored/>
  </testcase> <!-- VerifyTheTotalPrice -->
  <testcase classname="Tests.WishlistPageTest" name="ProductAddToWishlistTest" time="0.0">
    <ignored/>
  </testcase> <!-- ProductAddToWishlistTest -->
  <testcase classname="Base.BaseTest" name="@BeforeSuite StartConfig" time="0.0">
    <ignored/>
  </testcase> <!-- @BeforeSuite StartConfig -->
  <testcase classname="Tests.ShoopingCartPageTest" name="ProductAddToShoopingCartTest" time="0.0">
    <ignored/>
  </testcase> <!-- ProductAddToShoopingCartTest -->
  <testcase classname="Tests.ShoopingCartPageTest" name="GoToCheckOutPage" time="0.0">
    <ignored/>
  </testcase> <!-- GoToCheckOutPage -->
  <testcase classname="Base.BaseTest" name="@AfterSuite CloseConfig" time="0.0">
    <ignored/>
  </testcase> <!-- @AfterSuite CloseConfig -->
  <testcase classname="Base.BaseTest" name="@BeforeSuite StartConfig" time="0.0">
    <ignored/>
  </testcase> <!-- @BeforeSuite StartConfig -->
  <testcase classname="Base.BaseTest" name="@BeforeSuite StartConfig" time="0.0">
    <ignored/>
  </testcase> <!-- @BeforeSuite StartConfig -->
  <testcase classname="Base.BaseTest" name="@AfterSuite CloseConfig" time="0.0">
    <ignored/>
  </testcase> <!-- @AfterSuite CloseConfig -->
  <testcase classname="Base.BaseTest" name="@AfterSuite CloseConfig" time="0.0">
    <ignored/>
  </testcase> <!-- @AfterSuite CloseConfig -->
  <testcase classname="Base.BaseTest" name="@AfterSuite CloseConfig" time="0.0">
    <ignored/>
  </testcase> <!-- @AfterSuite CloseConfig -->
  <testcase classname="Base.BaseTest" name="@BeforeSuite StartConfig" time="0.0">
    <ignored/>
  </testcase> <!-- @BeforeSuite StartConfig -->
  <testcase classname="Tests.CheckOutPageTest" name="CheckOutFunctionalityTest" time="0.0">
    <ignored/>
  </testcase> <!-- CheckOutFunctionalityTest -->
</testsuite> <!-- Smoke_Test -->
