<?xml version="1.0" encoding="UTF-8"?>
<!-- Generated by org.testng.reporters.JUnitXMLReporter -->
<testsuite ignored="19" hostname="DESKTOP-1J8V2O0" failures="2" tests="3" name="Regression_Test" time="69.196" errors="0" timestamp="2024-01-22T13:38:06 IST">
  <testcase classname="Tests.ShoopingCartPageTest" name="ProductAddToShoopingCartTest" time="21.867">
    <failure type="org.openqa.selenium.TimeoutException" message="Expected condition failed: waiting for presence of element located by: By.xpath: //button[@id=&amp;apos;add-to-cart-button-4&amp;apos;] (tried for 20 second(s) with 500 milliseconds interval)">
      <![CDATA[org.openqa.selenium.TimeoutException: Expected condition failed: waiting for presence of element located by: By.xpath: //button[@id='add-to-cart-button-4'] (tried for 20 second(s) with 500 milliseconds interval)
at org.openqa.selenium.support.ui.WebDriverWait.timeoutException(WebDriverWait.java:84)
at org.openqa.selenium.support.ui.FluentWait.until(FluentWait.java:230)
at BasePage.BasePage.presenceOfElement(BasePage.java:43)
at Pages.SearchResultPage.ClickOnShoopingCartLink(SearchResultPage.java:62)
at Tests.ShoopingCartPageTest.ProductAddToShoopingCartTest(ShoopingCartPageTest.java:55)
at java.base/java.util.ArrayList.forEach(ArrayList.java:1511)
Caused by: org.openqa.selenium.NoSuchElementException: no such element: Unable to locate element: {"method":"xpath","selector":"//button[@id='add-to-cart-button-4']"}
  (Session info: chrome=120.0.6099.109)
For documentation on this error, please visit: https://www.selenium.dev/documentation/webdriver/troubleshooting/errors#no-such-element-exception
Build info: version: '4.11.0', revision: '040bc5406b'
System info: os.name: 'Windows 10', os.arch: 'amd64', os.version: '10.0', java.version: '17.0.3'
Driver info: org.openqa.selenium.chrome.ChromeDriver
Command: [5c295b942200be6e856c20b34b6a9fbd, findElement {using=xpath, value=//button[@id='add-to-cart-button-4']}]
Capabilities {acceptInsecureCerts: false, browserName: chrome, browserVersion: 120.0.6099.109, chrome: {chromedriverVersion: 120.0.6099.109 (3419140ab66..., userDataDir: C:\Users\admin\AppData\Loca...}, fedcm:accounts: true, goog:chromeOptions: {debuggerAddress: localhost:52603}, networkConnectionEnabled: false, pageLoadStrategy: normal, platformName: windows, proxy: Proxy(), se:cdp: ws://localhost:52603/devtoo..., se:cdpVersion: 120.0.6099.109, setWindowRect: true, strictFileInteractability: false, timeouts: {implicit: 0, pageLoad: 300000, script: 30000}, unhandledPromptBehavior: dismiss and notify, webauthn:extension:credBlob: true, webauthn:extension:largeBlob: true, webauthn:extension:minPinLength: true, webauthn:extension:prf: true, webauthn:virtualAuthenticators: true}
Session ID: 5c295b942200be6e856c20b34b6a9fbd
at org.openqa.selenium.remote.codec.w3c.W3CHttpResponseCodec.createException(W3CHttpResponseCodec.java:200)
at org.openqa.selenium.remote.codec.w3c.W3CHttpResponseCodec.decode(W3CHttpResponseCodec.java:133)
at org.openqa.selenium.remote.codec.w3c.W3CHttpResponseCodec.decode(W3CHttpResponseCodec.java:52)
at org.openqa.selenium.remote.HttpCommandExecutor.execute(HttpCommandExecutor.java:191)
at org.openqa.selenium.remote.service.DriverCommandExecutor.invokeExecute(DriverCommandExecutor.java:196)
at org.openqa.selenium.remote.service.DriverCommandExecutor.execute(DriverCommandExecutor.java:171)
at org.openqa.selenium.remote.RemoteWebDriver.execute(RemoteWebDriver.java:518)
at org.openqa.selenium.remote.ElementLocation$ElementFinder$2.findElement(ElementLocation.java:165)
at org.openqa.selenium.remote.ElementLocation.findElement(ElementLocation.java:59)
at org.openqa.selenium.remote.RemoteWebDriver.findElement(RemoteWebDriver.java:355)
at org.openqa.selenium.remote.RemoteWebDriver.findElement(RemoteWebDriver.java:349)
at org.openqa.selenium.support.ui.ExpectedConditions$6.apply(ExpectedConditions.java:171)
at org.openqa.selenium.support.ui.ExpectedConditions$6.apply(ExpectedConditions.java:168)
at org.openqa.selenium.support.ui.FluentWait.until(FluentWait.java:205)
... 31 more
... Removed 31 stack frames]]>
    </failure>
  </testcase> <!-- ProductAddToShoopingCartTest -->
  <testcase classname="Tests.CheckOutPageTest" name="CheckOutFunctionalityTest" time="21.868">
    <failure type="org.openqa.selenium.TimeoutException" message="Expected condition failed: waiting for presence of element located by: By.xpath: //button[@id=&amp;apos;add-to-cart-button-4&amp;apos;] (tried for 20 second(s) with 500 milliseconds interval)">
      <![CDATA[org.openqa.selenium.TimeoutException: Expected condition failed: waiting for presence of element located by: By.xpath: //button[@id='add-to-cart-button-4'] (tried for 20 second(s) with 500 milliseconds interval)
at org.openqa.selenium.support.ui.WebDriverWait.timeoutException(WebDriverWait.java:84)
at org.openqa.selenium.support.ui.FluentWait.until(FluentWait.java:230)
at BasePage.BasePage.presenceOfElement(BasePage.java:43)
at Pages.SearchResultPage.ClickOnShoopingCartLink(SearchResultPage.java:62)
at Tests.CheckOutPageTest.CheckOutFunctionalityTest(CheckOutPageTest.java:48)
at java.base/java.util.ArrayList.forEach(ArrayList.java:1511)
Caused by: org.openqa.selenium.NoSuchElementException: no such element: Unable to locate element: {"method":"xpath","selector":"//button[@id='add-to-cart-button-4']"}
  (Session info: chrome=120.0.6099.109)
For documentation on this error, please visit: https://www.selenium.dev/documentation/webdriver/troubleshooting/errors#no-such-element-exception
Build info: version: '4.11.0', revision: '040bc5406b'
System info: os.name: 'Windows 10', os.arch: 'amd64', os.version: '10.0', java.version: '17.0.3'
Driver info: org.openqa.selenium.chrome.ChromeDriver
Command: [a7d2933cec14ef23f033e145b5da20d7, findElement {using=xpath, value=//button[@id='add-to-cart-button-4']}]
Capabilities {acceptInsecureCerts: false, browserName: chrome, browserVersion: 120.0.6099.109, chrome: {chromedriverVersion: 120.0.6099.109 (3419140ab66..., userDataDir: C:\Users\admin\AppData\Loca...}, fedcm:accounts: true, goog:chromeOptions: {debuggerAddress: localhost:52628}, networkConnectionEnabled: false, pageLoadStrategy: normal, platformName: windows, proxy: Proxy(), se:cdp: ws://localhost:52628/devtoo..., se:cdpVersion: 120.0.6099.109, setWindowRect: true, strictFileInteractability: false, timeouts: {implicit: 0, pageLoad: 300000, script: 30000}, unhandledPromptBehavior: dismiss and notify, webauthn:extension:credBlob: true, webauthn:extension:largeBlob: true, webauthn:extension:minPinLength: true, webauthn:extension:prf: true, webauthn:virtualAuthenticators: true}
Session ID: a7d2933cec14ef23f033e145b5da20d7
at org.openqa.selenium.remote.codec.w3c.W3CHttpResponseCodec.createException(W3CHttpResponseCodec.java:200)
at org.openqa.selenium.remote.codec.w3c.W3CHttpResponseCodec.decode(W3CHttpResponseCodec.java:133)
at org.openqa.selenium.remote.codec.w3c.W3CHttpResponseCodec.decode(W3CHttpResponseCodec.java:52)
at org.openqa.selenium.remote.HttpCommandExecutor.execute(HttpCommandExecutor.java:191)
at org.openqa.selenium.remote.service.DriverCommandExecutor.invokeExecute(DriverCommandExecutor.java:196)
at org.openqa.selenium.remote.service.DriverCommandExecutor.execute(DriverCommandExecutor.java:171)
at org.openqa.selenium.remote.RemoteWebDriver.execute(RemoteWebDriver.java:518)
at org.openqa.selenium.remote.ElementLocation$ElementFinder$2.findElement(ElementLocation.java:165)
at org.openqa.selenium.remote.ElementLocation.findElement(ElementLocation.java:59)
at org.openqa.selenium.remote.RemoteWebDriver.findElement(RemoteWebDriver.java:355)
at org.openqa.selenium.remote.RemoteWebDriver.findElement(RemoteWebDriver.java:349)
at org.openqa.selenium.support.ui.ExpectedConditions$6.apply(ExpectedConditions.java:171)
at org.openqa.selenium.support.ui.ExpectedConditions$6.apply(ExpectedConditions.java:168)
at org.openqa.selenium.support.ui.FluentWait.until(FluentWait.java:205)
... 31 more
... Removed 31 stack frames]]>
    </failure>
  </testcase> <!-- CheckOutFunctionalityTest -->
  <testcase classname="Tests.WishlistPageTest" name="ProductAddToWishlistTest" time="3.063"/>
  <testcase classname="Base.BaseTest" name="@AfterSuite CloseConfig" time="0.0">
    <ignored/>
  </testcase> <!-- @AfterSuite CloseConfig -->
  <testcase classname="Base.BaseTest" name="@BeforeSuite StartConfig" time="0.0">
    <ignored/>
  </testcase> <!-- @BeforeSuite StartConfig -->
  <testcase classname="Base.BaseTest" name="@BeforeSuite StartConfig" time="0.0">
    <ignored/>
  </testcase> <!-- @BeforeSuite StartConfig -->
  <testcase classname="Tests.HomePageTest" name="HomePageTitleTest" time="0.0">
    <ignored/>
  </testcase> <!-- HomePageTitleTest -->
  <testcase classname="Base.BaseTest" name="@AfterSuite CloseConfig" time="0.0">
    <ignored/>
  </testcase> <!-- @AfterSuite CloseConfig -->
  <testcase classname="Base.BaseTest" name="@BeforeSuite StartConfig" time="0.0">
    <ignored/>
  </testcase> <!-- @BeforeSuite StartConfig -->
  <testcase classname="Tests.ShoopingCartPageTest" name="GoToCheckOutPage" time="0.0">
    <ignored/>
  </testcase> <!-- GoToCheckOutPage -->
  <testcase classname="Tests.RegistrationPageTest" name="RegistrationFunctionalityTest" time="0.0">
    <ignored/>
  </testcase> <!-- RegistrationFunctionalityTest -->
  <testcase classname="Base.BaseTest" name="@BeforeSuite StartConfig" time="0.0">
    <ignored/>
  </testcase> <!-- @BeforeSuite StartConfig -->
  <testcase classname="Tests.ShoopingCartPageTest" name="VerifyTheTotalPrice" time="0.0">
    <ignored/>
  </testcase> <!-- VerifyTheTotalPrice -->
  <testcase classname="Base.BaseTest" name="@BeforeSuite StartConfig" time="0.0">
    <ignored/>
  </testcase> <!-- @BeforeSuite StartConfig -->
  <testcase classname="Tests.HomePageTest" name="LogoImageTest" time="0.0">
    <ignored/>
  </testcase> <!-- LogoImageTest -->
  <testcase classname="Base.BaseTest" name="@AfterSuite CloseConfig" time="0.0">
    <ignored/>
  </testcase> <!-- @AfterSuite CloseConfig -->
  <testcase classname="Base.BaseTest" name="@BeforeSuite StartConfig" time="0.0">
    <ignored/>
  </testcase> <!-- @BeforeSuite StartConfig -->
  <testcase classname="Base.BaseTest" name="@AfterSuite CloseConfig" time="0.0">
    <ignored/>
  </testcase> <!-- @AfterSuite CloseConfig -->
  <testcase classname="Tests.LoginPageTest" name="LoginFunctionalityTest" time="0.0">
    <ignored/>
  </testcase> <!-- LoginFunctionalityTest -->
  <testcase classname="Base.BaseTest" name="@AfterSuite CloseConfig" time="0.0">
    <ignored/>
  </testcase> <!-- @AfterSuite CloseConfig -->
  <testcase classname="Base.BaseTest" name="@AfterSuite CloseConfig" time="0.0">
    <ignored/>
  </testcase> <!-- @AfterSuite CloseConfig -->
  <testcase classname="Tests.SearchResultPageTest" name="SearchedProductAvailabilityTest" time="0.0">
    <ignored/>
  </testcase> <!-- SearchedProductAvailabilityTest -->
</testsuite> <!-- Regression_Test -->
